CREATE TABLE statement
dbfile.bin size = 192
INSERT statement
dbfile.bin size = 192
INSERT statement
dbfile.bin size = 192
INSERT statement
dbfile.bin size = 192
SELECT statement
name           ID    gender scores
-------------- ----- ------ ------ 
John F Kennedy 10001 M          99
Bill Clinton   10002 M          85
Donald Trump   10003 M          95

 3 record(s) selected.

dbfile.bin size = 192
CREATE TABLE statement
dbfile.bin size = 336
INSERT statement
dbfile.bin size = 336
INSERT statement
dbfile.bin size = 336
INSERT statement
dbfile.bin size = 336
INSERT statement
dbfile.bin size = 336
SELECT statement
ID    quiz final
----- ---- ----- 
10001   70    71
10002   80    81
10001   80    81
10005   90    91

 4 record(s) selected.

dbfile.bin size = 336
SELECT statement
ID    name           gender scores quiz final
----- -------------- ------ ------ ---- ----- 
10001 John F Kennedy M          99   70    71
10001 John F Kennedy M          99   80    81
10002 Bill Clinton   M          85   80    81

 3 record(s) selected.

